# JRE version: Java(TM) SE Runtime Environment (17.0.10+11) (build 17.0.10+11-LTS-240)
# Java VM: Java HotSpot(TM) 64-Bit Server VM (17.0.10+11-LTS-240, mixed mode, sharing, tiered, compressed oops, compressed class ptrs, g1 gc, windows-amd64)
GC Precious Log:
 CPUs: 8 total, 8 available
 Memory: 14252M
 Large Page Support: Disabled
 NUMA Support: Disabled
 Compressed Oops: Enabled (Zero based)
 Heap Region Size: 2M
 Heap Min Capacity: 8M
 Heap Initial Capacity: 224M
 Heap Max Capacity: 3564M
 Pre-touch: Disabled
 Parallel Workers: 8
 Concurrent Workers: 2
 Concurrent Refinement Workers: 8
 Periodic GC: Disabled
Heap:
 garbage-first heap   total 90112K, used 65311K [0x0000000721400000, 0x0000000800000000)
  region size 2048K, 16 young (32768K), 2 survivors (4096K)
 Metaspace       used 77498K, committed 78144K, reserved 1179648K
  class space    used 10753K, committed 11072K, reserved 1048576K
GC Heap History (20 events):
Event: 4.524 GC heap before
{Heap before GC invocations=3 (full 0):
 garbage-first heap   total 229376K, used 53763K [0x0000000721400000, 0x0000000800000000)
  region size 2048K, 21 young (43008K), 2 survivors (4096K)
 Metaspace       used 21201K, committed 21504K, reserved 1114112K
  class space    used 2608K, committed 2752K, reserved 1048576K
}
Event: 4.536 GC heap after
{Heap after GC invocations=4 (full 0):
 garbage-first heap   total 229376K, used 20692K [0x0000000721400000, 0x0000000800000000)
  region size 2048K, 4 young (8192K), 4 survivors (8192K)
 Metaspace       used 21201K, committed 21504K, reserved 1114112K
  class space    used 2608K, committed 2752K, reserved 1048576K
}
Event: 6.884 GC heap before
{Heap before GC invocations=5 (full 0):
 garbage-first heap   total 90112K, used 65748K [0x0000000721400000, 0x0000000800000000)
  region size 2048K, 27 young (55296K), 4 survivors (8192K)
 Metaspace       used 27631K, committed 28032K, reserved 1114112K
  class space    used 3581K, committed 3776K, reserved 1048576K
}
Event: 6.900 GC heap after
{Heap after GC invocations=6 (full 0):
 garbage-first heap   total 90112K, used 23318K [0x0000000721400000, 0x0000000800000000)
  region size 2048K, 5 young (10240K), 5 survivors (10240K)
 Metaspace       used 27631K, committed 28032K, reserved 1114112K
  class space    used 3581K, committed 3776K, reserved 1048576K
}
Event: 8.454 GC heap before
{Heap before GC invocations=6 (full 0):
 garbage-first heap   total 90112K, used 56086K [0x0000000721400000, 0x0000000800000000)
  region size 2048K, 22 young (45056K), 5 survivors (10240K)
 Metaspace       used 33784K, committed 34240K, reserved 1114112K
  class space    used 4443K, committed 4672K, reserved 1048576K
}
Event: 8.474 GC heap after
{Heap after GC invocations=7 (full 0):
 garbage-first heap   total 90112K, used 27297K [0x0000000721400000, 0x0000000800000000)
  region size 2048K, 3 young (6144K), 3 survivors (6144K)
 Metaspace       used 33784K, committed 34240K, reserved 1114112K
  class space    used 4443K, committed 4672K, reserved 1048576K
}
Event: 8.754 GC heap before
{Heap before GC invocations=7 (full 0):
 garbage-first heap   total 90112K, used 33441K [0x0000000721400000, 0x0000000800000000)
  region size 2048K, 7 young (14336K), 3 survivors (6144K)
 Metaspace       used 35510K, committed 35968K, reserved 1114112K
  class space    used 4648K, committed 4864K, reserved 1048576K
}
Event: 8.759 GC heap after
{Heap after GC invocations=8 (full 0):
 garbage-first heap   total 90112K, used 28071K [0x0000000721400000, 0x0000000800000000)
  region size 2048K, 1 young (2048K), 1 survivors (2048K)
 Metaspace       used 35510K, committed 35968K, reserved 1114112K
  class space    used 4648K, committed 4864K, reserved 1048576K
}
Event: 10.269 GC heap before
{Heap before GC invocations=9 (full 0):
 garbage-first heap   total 90112K, used 60839K [0x0000000721400000, 0x0000000800000000)
  region size 2048K, 17 young (34816K), 1 survivors (2048K)
 Metaspace       used 44052K, committed 44544K, reserved 1114112K
  class space    used 5949K, committed 6208K, reserved 1048576K
}
Event: 10.274 GC heap after
{Heap after GC invocations=10 (full 0):
 garbage-first heap   total 90112K, used 29439K [0x0000000721400000, 0x0000000800000000)
  region size 2048K, 2 young (4096K), 2 survivors (4096K)
 Metaspace       used 44052K, committed 44544K, reserved 1114112K
  class space    used 5949K, committed 6208K, reserved 1048576K
}
Event: 11.497 GC heap before
{Heap before GC invocations=10 (full 0):
 garbage-first heap   total 90112K, used 62207K [0x0000000721400000, 0x0000000800000000)
  region size 2048K, 18 young (36864K), 2 survivors (4096K)
 Metaspace       used 52998K, committed 53504K, reserved 1114112K
  class space    used 7243K, committed 7488K, reserved 1048576K
}
Event: 11.503 GC heap after
{Heap after GC invocations=11 (full 0):
 garbage-first heap   total 90112K, used 31058K [0x0000000721400000, 0x0000000800000000)
  region size 2048K, 2 young (4096K), 2 survivors (4096K)
 Metaspace       used 52998K, committed 53504K, reserved 1114112K
  class space    used 7243K, committed 7488K, reserved 1048576K
}
Event: 12.718 GC heap before
{Heap before GC invocations=11 (full 0):
 garbage-first heap   total 90112K, used 59730K [0x0000000721400000, 0x0000000800000000)
  region size 2048K, 18 young (36864K), 2 survivors (4096K)
 Metaspace       used 59799K, committed 60288K, reserved 1114112K
  class space    used 8291K, committed 8512K, reserved 1048576K
}
Event: 12.729 GC heap after
{Heap after GC invocations=12 (full 0):
 garbage-first heap   total 90112K, used 33257K [0x0000000721400000, 0x0000000800000000)
  region size 2048K, 2 young (4096K), 2 survivors (4096K)
 Metaspace       used 59799K, committed 60288K, reserved 1114112K
  class space    used 8291K, committed 8512K, reserved 1048576K
}
Event: 14.021 GC heap before
{Heap before GC invocations=13 (full 0):
 garbage-first heap   total 90112K, used 66025K [0x0000000721400000, 0x0000000800000000)
  region size 2048K, 18 young (36864K), 2 survivors (4096K)
 Metaspace       used 64663K, committed 65152K, reserved 1114112K
  class space    used 8995K, committed 9216K, reserved 1048576K
}
Event: 14.029 GC heap after
{Heap after GC invocations=14 (full 0):
 garbage-first heap   total 90112K, used 36730K [0x0000000721400000, 0x0000000800000000)
  region size 2048K, 3 young (6144K), 3 survivors (6144K)
 Metaspace       used 64663K, committed 65152K, reserved 1114112K
  class space    used 8995K, committed 9216K, reserved 1048576K
}
Event: 14.802 GC heap before
{Heap before GC invocations=14 (full 0):
 garbage-first heap   total 90112K, used 38778K [0x0000000721400000, 0x0000000800000000)
  region size 2048K, 4 young (8192K), 3 survivors (6144K)
 Metaspace       used 64820K, committed 65408K, reserved 1114112K
  class space    used 9017K, committed 9280K, reserved 1048576K
}
Event: 14.809 GC heap after
{Heap after GC invocations=15 (full 0):
 garbage-first heap   total 90112K, used 37288K [0x0000000721400000, 0x0000000800000000)
  region size 2048K, 1 young (2048K), 1 survivors (2048K)
 Metaspace       used 64820K, committed 65408K, reserved 1114112K
  class space    used 9017K, committed 9280K, reserved 1048576K
}
Event: 16.290 GC heap before
{Heap before GC invocations=15 (full 0):
 garbage-first heap   total 90112K, used 68008K [0x0000000721400000, 0x0000000800000000)
  region size 2048K, 16 young (32768K), 1 survivors (2048K)
 Metaspace       used 70827K, committed 71424K, reserved 1114112K
  class space    used 9835K, committed 10112K, reserved 1048576K
}
Event: 16.299 GC heap after
{Heap after GC invocations=16 (full 0):
 garbage-first heap   total 90112K, used 40735K [0x0000000721400000, 0x0000000800000000)
  region size 2048K, 2 young (4096K), 2 survivors (4096K)
 Metaspace       used 70827K, committed 71424K, reserved 1114112K
  class space    used 9835K, committed 10112K, reserved 1048576K
}

